<?xml version="1.0" encoding="UTF-8"?>
<!-- Generated by org.testng.reporters.JUnitXMLReporter -->
<testsuite hostname="Sagarkhalashi_QA" ignored="3" tests="5" failures="0" timestamp="15 Dec 2017 07:59:33 GMT" time="0.037" errors="0">
  <testcase name="test1" time="0.004" classname="Test1"/>
  <testcase name="test1" time="0.001" classname="Test1"/>
  <testcase name="test2" time="0.001" classname="Test1"/>
  <testcase name="test1" time="0.001" classname="Test2"/>
  <testcase name="test2" time="0.001" classname="Test2"/>
  <testcase name="test3" time="0.0" classname="Test1">
    <ignored/>
  </testcase> <!-- test3 -->
  <testcase name="test3" time="0.0" classname="TestPack.Test2">
    <ignored/>
  </testcase> <!-- test3 -->
  <testcase name="test3" time="0.0" classname="Test2">
    <ignored/>
  </testcase> <!-- test3 -->
</testsuite>
